
main.bin:     file format elf32-avr


Disassembly of section .text:

00000000 <__vectors>:
   0:	0c 94 34 00 	jmp	0x68	; 0x68 <__ctors_end>
   4:	0c 94 3e 00 	jmp	0x7c	; 0x7c <__bad_interrupt>
   8:	0c 94 3e 00 	jmp	0x7c	; 0x7c <__bad_interrupt>
   c:	0c 94 3e 00 	jmp	0x7c	; 0x7c <__bad_interrupt>
  10:	0c 94 3e 00 	jmp	0x7c	; 0x7c <__bad_interrupt>
  14:	0c 94 3e 00 	jmp	0x7c	; 0x7c <__bad_interrupt>
  18:	0c 94 3e 00 	jmp	0x7c	; 0x7c <__bad_interrupt>
  1c:	0c 94 3e 00 	jmp	0x7c	; 0x7c <__bad_interrupt>
  20:	0c 94 3e 00 	jmp	0x7c	; 0x7c <__bad_interrupt>
  24:	0c 94 3e 00 	jmp	0x7c	; 0x7c <__bad_interrupt>
  28:	0c 94 3e 00 	jmp	0x7c	; 0x7c <__bad_interrupt>
  2c:	0c 94 3e 00 	jmp	0x7c	; 0x7c <__bad_interrupt>
  30:	0c 94 3e 00 	jmp	0x7c	; 0x7c <__bad_interrupt>
  34:	0c 94 3e 00 	jmp	0x7c	; 0x7c <__bad_interrupt>
  38:	0c 94 3e 00 	jmp	0x7c	; 0x7c <__bad_interrupt>
  3c:	0c 94 3e 00 	jmp	0x7c	; 0x7c <__bad_interrupt>
  40:	0c 94 3e 00 	jmp	0x7c	; 0x7c <__bad_interrupt>
  44:	0c 94 3e 00 	jmp	0x7c	; 0x7c <__bad_interrupt>
  48:	0c 94 3e 00 	jmp	0x7c	; 0x7c <__bad_interrupt>
  4c:	0c 94 3e 00 	jmp	0x7c	; 0x7c <__bad_interrupt>
  50:	0c 94 3e 00 	jmp	0x7c	; 0x7c <__bad_interrupt>
  54:	0c 94 3e 00 	jmp	0x7c	; 0x7c <__bad_interrupt>
  58:	0c 94 3e 00 	jmp	0x7c	; 0x7c <__bad_interrupt>
  5c:	0c 94 3e 00 	jmp	0x7c	; 0x7c <__bad_interrupt>
  60:	0c 94 3e 00 	jmp	0x7c	; 0x7c <__bad_interrupt>
  64:	0c 94 3e 00 	jmp	0x7c	; 0x7c <__bad_interrupt>

00000068 <__ctors_end>:
  68:	11 24       	eor	r1, r1
  6a:	1f be       	out	0x3f, r1	; 63
  6c:	cf ef       	ldi	r28, 0xFF	; 255
  6e:	d8 e0       	ldi	r29, 0x08	; 8
  70:	de bf       	out	0x3e, r29	; 62
  72:	cd bf       	out	0x3d, r28	; 61
  74:	0e 94 40 00 	call	0x80	; 0x80 <main>
  78:	0c 94 67 00 	jmp	0xce	; 0xce <_exit>

0000007c <__bad_interrupt>:
  7c:	0c 94 00 00 	jmp	0	; 0x0 <__vectors>

00000080 <main>:
  80:	00 d0       	rcall	.+0      	; 0x82 <L0^A>

00000082 <L0^A>:
  82:	00 d0       	rcall	.+0      	; 0x84 <L0^A>

00000084 <L0^A>:
  84:	cd b7       	in	r28, 0x3d	; 61
  86:	de b7       	in	r29, 0x3e	; 62
  88:	19 82       	std	Y+1, r1	; 0x01
  8a:	1a 82       	std	Y+2, r1	; 0x02
  8c:	1b 82       	std	Y+3, r1	; 0x03
  8e:	1c 82       	std	Y+4, r1	; 0x04
  90:	20 9a       	sbi	0x04, 0	; 4
  92:	21 e0       	ldi	r18, 0x01	; 1

00000094 <.L4>:
  94:	19 82       	std	Y+1, r1	; 0x01
  96:	1a 82       	std	Y+2, r1	; 0x02
  98:	1b 82       	std	Y+3, r1	; 0x03
  9a:	1c 82       	std	Y+4, r1	; 0x04

0000009c <.L2>:
  9c:	89 81       	ldd	r24, Y+1	; 0x01
  9e:	9a 81       	ldd	r25, Y+2	; 0x02
  a0:	ab 81       	ldd	r26, Y+3	; 0x03
  a2:	bc 81       	ldd	r27, Y+4	; 0x04
  a4:	80 38       	cpi	r24, 0x80	; 128
  a6:	9a 41       	sbci	r25, 0x1A	; 26
  a8:	a6 40       	sbci	r26, 0x06	; 6
  aa:	b1 05       	cpc	r27, r1
  ac:	24 f0       	brlt	.+8      	; 0xb6 <.L3>
  ae:	85 b1       	in	r24, 0x05	; 5
  b0:	82 27       	eor	r24, r18
  b2:	85 b9       	out	0x05, r24	; 5
  b4:	ef cf       	rjmp	.-34     	; 0x94 <.L4>

000000b6 <.L3>:
  b6:	89 81       	ldd	r24, Y+1	; 0x01
  b8:	9a 81       	ldd	r25, Y+2	; 0x02
  ba:	ab 81       	ldd	r26, Y+3	; 0x03
  bc:	bc 81       	ldd	r27, Y+4	; 0x04
  be:	01 96       	adiw	r24, 0x01	; 1
  c0:	a1 1d       	adc	r26, r1
  c2:	b1 1d       	adc	r27, r1
  c4:	89 83       	std	Y+1, r24	; 0x01
  c6:	9a 83       	std	Y+2, r25	; 0x02
  c8:	ab 83       	std	Y+3, r26	; 0x03
  ca:	bc 83       	std	Y+4, r27	; 0x04
  cc:	e7 cf       	rjmp	.-50     	; 0x9c <.L2>

000000ce <_exit>:
  ce:	f8 94       	cli

000000d0 <__stop_program>:
  d0:	ff cf       	rjmp	.-2      	; 0xd0 <__stop_program>
